<?xml version="1.0" encoding="UTF-8"?>
<testsuite name="io.gihub.bael.javacourse.generic.ImmutableArrayTest" tests="1" skipped="0" failures="0" errors="0" timestamp="2019-04-02T16:08:49" hostname="denis-desktop" time="0.001">
  <properties/>
  <testcase name="testDoubleArray" classname="io.gihub.bael.javacourse.generic.ImmutableArrayTest" time="0.001"/>
  <system-out><![CDATA[]]></system-out>
  <system-err><![CDATA[]]></system-err>
</testsuite>
